Arguments: 
  C:\Program Files\nodejs\node.exe C:\Program Files\nodejs\node_modules\yarn\bin\yarn.js add url-loader -D

PATH: 
  C:\Users\Administrator\bin;D:\FrontTools\git\Git\mingw64\bin;D:\FrontTools\git\Git\usr\local\bin;D:\FrontTools\git\Git\usr\bin;D:\FrontTools\git\Git\usr\bin;D:\FrontTools\git\Git\mingw64\bin;D:\FrontTools\git\Git\usr\bin;C:\Users\Administrator\bin;C:\Windows\system32;C:\Windows;C:\Windows\System32\Wbem;C:\Windows\System32\WindowsPowerShell\v1.0;C:\Program Files (x86)\NVIDIA Corporation\PhysX\Common;gram Files (x86)\sbt\bin;C:\Program Files (x86)\java\jdk1.8.0_74\bin;C:\Windows\system32;C:\Windows;C:\Windows\System32\Wbem;C:\Windows\System32\WindowsPowerShell\v1.0;C:\Program Files (x86)\NVIDIA Corporation\PhysX\Common;gram Files (x86)\sbt\bin;C:\Program Files (x86)\java\jdk1.8.0_74\bin;C:\Windows\system32;C:\Windows;C:\Windows\System32\Wbem;C:\Windows\System32\WindowsPowerShell\v1.0;C:\Program Files (x86)\NVIDIA Corporation\PhysX\Common;gram Files (x86)\sbt\bin;C:\Program Files (x86)\java\jdk1.8.0_74\bin;C:\Windows\System32;D:\mysql-5.6.24-win32\bin;C:\Program Files (x86)\Windows Kits\8.1\Windows Performance Toolkit;D:\php\ext;D:\php;D:\前端开发工具\git\Git\cmd;C:\Go\bin;C:\Program Files (x86)\sbt\bin;C:\Program Files\nodejs;E:\blockchain\Geth;C:\Program Files (x86)\Yarn\bin;C:\Users\Administrator\AppData\Local\Android\Sdk\tools;C:\Users\Administrator\AppData\Local\Android\Sdk\platform-tools;D:\mysql-5.6.24-win32\bin;C:\Program Files (x86)\Windows Kits\8.1\Windows Performance Toolkit;D:\php\ext;D:\php;D:\前端开发工具\git\Git\cmd;C:\Go\bin;C:\Program Files (x86)\sbt\bin;C:\Program Files\nodejs;E:\blockchain\Geth;C:\Program Files (x86)\Yarn\bin;C:\Users\Administrator\AppData\Local\Android\Sdk\tools;C:\Users\Administrator\AppData\Local\Android\Sdk\platform-tools;D:\mysql-5.6.24-win32\bin;C:\Program Files (x86)\Windows Kits\8.1\Windows Performance Toolkit;D:\php\ext;D:\php;D:\前端开发工具\git\Git\cmd;C:\Go\bin;C:\Program Files (x86)\sbt\bin;C:\Program Files\nodejs;E:\blockchain\Geth;C:\Program Files (x86)\Yarn\bin;C:\Users\Administrator\AppData\Local\Android\Sdk\tools;C:\Users\Administrator\AppData\Local\Android\Sdk\platform-tools;D:\vscode\bin;D:\docker;C:\Go\bin;C:\Users\Administrator\AppData\Roaming\npm;C:\MinGW\bin;C:\Users\Administrator\AppData\Local\Yarn\bin;C:\Users\Administrator\AppData\Local\Android\Sdk\platform-tools;C:\Users\Administrator\AppData\Local\Android\Sdk\tools;D:\FrontTools\git\Git\usr\bin\vendor_perl;D:\FrontTools\git\Git\usr\bin\core_perl

Yarn version: 
  1.6.0

Node version: 
  8.9.1

Platform: 
  win32 x64

Trace: 
  Error: ENOENT: no such file or directory, copyfile 'C:\Users\Administrator\AppData\Local\Yarn\Cache\v1\npm-ansi-styles-2.2.1-b432dd3358b634cf75e1e4664368240533c1ddbe\license' -> 'E:\master\citic\node_modules\postcss-atroot\node_modules\ansi-styles\license'

npm manifest: 
  {
    "name": "citic",
    "version": "1.0.0",
    "description": "",
    "main": "server.js",
    "scripts": {
      "test": "node test.js",
      "server": "node server.js",
      "frontend": "webpack-dev-server --config views/build/webpack.config.js --history-api-fallback --mode development --inline --hot --host 0.0.0.0",
      "build": "webpack --mode production",
      "start": "npm run frontend | npm run server"
    },
    "author": "morolt@gmail.com",
    "license": "ISC",
    "dependencies": {
      "abi-decoder": "^1.1.0",
      "antd": "^3.4.1",
      "axios": "^0.18.0",
      "bignumber.js": "^6.0.0",
      "bip39": "^2.5.0",
      "bitsharesjs": "^1.5.8",
      "bitsharesjs-ws": "^1.3.3",
      "bounce": "^1.2.0",
      "cookie": "^0.3.1",
      "echarts": "^4.0.4",
      "ethereumjs-tx": "^1.3.4",
      "ethereumjs-wallet": "^0.6.0",
      "finalhandler": "^1.1.1",
      "log4js": "^2.5.3",
      "log4js-extend": "^0.2.1",
      "mysql": "^2.15.0",
      "npm": "^5.8.0",
      "react": "^16.3.1",
      "react-dom": "^16.3.1",
      "react-echarts": "^0.1.1",
      "react-router-dom": "^4.2.2",
      "router": "^1.3.2",
      "single-line-log": "^1.1.2",
      "web3": "^1.0.0-beta.33"
    },
    "devDependencies": {
      "babel-core": "^6.26.0",
      "babel-loader": "^7.1.4",
      "babel-plugin-transform-decorators-legacy": "^1.3.4",
      "babel-preset-env": "^1.6.1",
      "babel-preset-es2015": "^6.24.1",
      "babel-preset-react": "^6.24.1",
      "babel-preset-stage-0": "^6.24.1",
      "css-loader": "^0.28.11",
      "cssnano": "^3.10.0",
      "html-webpack-plugin": "^3.2.0",
      "postcss-loader": "^2.1.3",
      "postcss-scss": "^1.0.5",
      "precss": "^3.1.2",
      "style-loader": "^0.20.3",
      "webpack": "^4.5.0",
      "webpack-cli": "^2.0.14",
      "webpack-dev-server": "^3.1.3"
    }
  }

yarn manifest: 
  No manifest

Lockfile: 
  No lockfile
